/home/hduser/jdk_1.8_source/openjdk-8u40-src-b25-10_feb_2015/openjdk/hotspot/src/share/vm/asm
/home/hduser/jdk_1.8_source/openjdk-8u40-src-b25-10_feb_2015/openjdk/hotspot/src/share/vm/c1
/home/hduser/jdk_1.8_source/openjdk-8u40-src-b25-10_feb_2015/openjdk/hotspot/src/share/vm/ci
/home/hduser/jdk_1.8_source/openjdk-8u40-src-b25-10_feb_2015/openjdk/hotspot/src/share/vm/classfile
/home/hduser/jdk_1.8_source/openjdk-8u40-src-b25-10_feb_2015/openjdk/hotspot/src/share/vm/code
/home/hduser/jdk_1.8_source/openjdk-8u40-src-b25-10_feb_2015/openjdk/hotspot/src/share/vm/compiler
/home/hduser/jdk_1.8_source/openjdk-8u40-src-b25-10_feb_2015/openjdk/hotspot/src/share/vm/gc_implementation
/home/hduser/jdk_1.8_source/openjdk-8u40-src-b25-10_feb_2015/openjdk/hotspot/src/share/vm/gc_implementation/shared
/home/hduser/jdk_1.8_source/openjdk-8u40-src-b25-10_feb_2015/openjdk/hotspot/src/share/vm/gc_implementation/parNew
/home/hduser/jdk_1.8_source/openjdk-8u40-src-b25-10_feb_2015/openjdk/hotspot/src/share/vm/gc_implementation/parallelScavenge
/home/hduser/jdk_1.8_source/openjdk-8u40-src-b25-10_feb_2015/openjdk/hotspot/src/share/vm/gc_implementation/concurrentMarkSweep
/home/hduser/jdk_1.8_source/openjdk-8u40-src-b25-10_feb_2015/openjdk/hotspot/src/share/vm/gc_implementation/g1
/home/hduser/jdk_1.8_source/openjdk-8u40-src-b25-10_feb_2015/openjdk/hotspot/src/share/vm/gc_interface
/home/hduser/jdk_1.8_source/openjdk-8u40-src-b25-10_feb_2015/openjdk/hotspot/src/share/vm/interpreter
/home/hduser/jdk_1.8_source/openjdk-8u40-src-b25-10_feb_2015/openjdk/hotspot/src/share/vm/libadt
/home/hduser/jdk_1.8_source/openjdk-8u40-src-b25-10_feb_2015/openjdk/hotspot/src/share/vm/memory
/home/hduser/jdk_1.8_source/openjdk-8u40-src-b25-10_feb_2015/openjdk/hotspot/src/share/vm/oops
/home/hduser/jdk_1.8_source/openjdk-8u40-src-b25-10_feb_2015/openjdk/hotspot/src/share/vm/opto
/home/hduser/jdk_1.8_source/openjdk-8u40-src-b25-10_feb_2015/openjdk/hotspot/src/share/vm/precompiled
/home/hduser/jdk_1.8_source/openjdk-8u40-src-b25-10_feb_2015/openjdk/hotspot/src/share/vm/prims
/home/hduser/jdk_1.8_source/openjdk-8u40-src-b25-10_feb_2015/openjdk/hotspot/src/share/vm/prims/wbtestmethods
/home/hduser/jdk_1.8_source/openjdk-8u40-src-b25-10_feb_2015/openjdk/hotspot/src/share/vm/runtime
/home/hduser/jdk_1.8_source/openjdk-8u40-src-b25-10_feb_2015/openjdk/hotspot/src/share/vm/services
/home/hduser/jdk_1.8_source/openjdk-8u40-src-b25-10_feb_2015/openjdk/hotspot/src/share/vm/shark
/home/hduser/jdk_1.8_source/openjdk-8u40-src-b25-10_feb_2015/openjdk/hotspot/src/share/vm/trace
/home/hduser/jdk_1.8_source/openjdk-8u40-src-b25-10_feb_2015/openjdk/hotspot/src/share/vm/utilities
